<?xml version="1.0" encoding="UTF-8"?>
<!-- Generated by org.testng.reporters.JUnitReportReporter -->
<testsuite hostname="DESKTOP-IP80BGQ" failures="0" tests="2" name="com.tests.LoginTest" time="16.036" errors="0" timestamp="15 Nov 2021 07:33:27 GMT" skipped="0">
  <testcase classname="com.tests.LoginTest" name="freeCrmTitleTest" time="7.769"/>
  <testcase classname="com.tests.LoginTest" name="freemCRMLogoTest" time="8.267"/>
</testsuite> <!-- com.tests.LoginTest -->
